<?xml version="1.0" encoding="UTF-8"?>
<testsuite name="TestSuite" time="1.559" tests="3" errors="0" skipped="2" failures="0">
  <properties>
[...]
</properties>
  <testcase name="detect_element_presence" classname="com.amazon.test.cases.elements_present" time="0">
    <skipped/>
    <system-out><![CDATA[do_login
]]></system-out>
    <system-err><![CDATA[Starting ChromeDriver 78.0.3904.70 (edb9c9f3de0247fd912a77b7f6cae7447f6d3ad5-refs/branch-heads/3904@{#800}) on port 3976
Only local connections are allowed.
Please protect ports used by ChromeDriver and related test frameworks to prevent access by malicious code.
[1581657559.438][WARNING]: This version of ChromeDriver has not been tested with Chrome version 79.
Feb 14, 2020 10:49:20 AM org.openqa.selenium.remote.ProtocolHandshake createSession
INFO: Detected dialect: W3C
]]></system-err>
  </testcase>
  <testcase name="signUp" classname="com.amazon.test.cases.do_sign_up" time="0">
    <skipped/>
    <system-out><![CDATA[do_login
]]></system-out>
  </testcase>
  <testcase name="login" classname="com.amazon.test.cases.do_login" time="1.559"/>
</testsuite>